# JRE version: OpenJDK Runtime Environment (8.0_242-b01) (build 1.8.0_242-release-1644-b01)
# Java VM: OpenJDK 64-Bit Server VM (25.242-b01 mixed mode windows-amd64 compressed oops)
Heap:
 PSYoungGen      total 634880K, used 356587K [0x00000000d5580000, 0x00000000ff800000, 0x0000000100000000)
  eden space 581120K, 57% used [0x00000000d5580000,0x00000000e9daf250,0x00000000f8d00000)
  from space 53760K, 38% used [0x00000000fc380000,0x00000000fd78bb18,0x00000000ff800000)
  to   space 54784K, 0% used [0x00000000f8d00000,0x00000000f8d00000,0x00000000fc280000)
 ParOldGen       total 295424K, used 134489K [0x0000000080000000, 0x0000000092080000, 0x00000000d5580000)
  object space 295424K, 45% used [0x0000000080000000,0x00000000883564b0,0x0000000092080000)
 Metaspace       used 119997K, capacity 126644K, committed 126760K, reserved 1159168K
  class space    used 15403K, capacity 16661K, committed 16688K, reserved 1048576K
GC Heap History (10 events):
Event: 907.316 GC heap before
{Heap before GC invocations=27 (full 4):
 PSYoungGen      total 628224K, used 572866K [0x00000000d5580000, 0x00000000ffa00000, 0x0000000100000000)
  eden space 562176K, 100% used [0x00000000d5580000,0x00000000f7a80000,0x00000000f7a80000)
  from space 66048K, 16% used [0x00000000fb980000,0x00000000fc3f0a18,0x00000000ffa00000)
  to   space 64512K, 0% used [0x00000000f7a80000,0x00000000f7a80000,0x00000000fb980000)
 ParOldGen       total 218112K, used 180552K [0x0000000080000000, 0x000000008d500000, 0x00000000d5580000)
  object space 218112K, 82% used [0x0000000080000000,0x000000008b052250,0x000000008d500000)
 Metaspace       used 114684K, capacity 121188K, committed 121256K, reserved 1155072K
  class space    used 14793K, capacity 16026K, committed 16048K, reserved 1048576K
Event: 907.444 GC heap after
Heap after GC invocations=27 (full 4):
 PSYoungGen      total 626688K, used 5645K [0x00000000d5580000, 0x00000000ffb80000, 0x0000000100000000)
  eden space 562176K, 0% used [0x00000000d5580000,0x00000000d5580000,0x00000000f7a80000)
  from space 64512K, 8% used [0x00000000f7a80000,0x00000000f80034e8,0x00000000fb980000)
  to   space 62976K, 0% used [0x00000000fbe00000,0x00000000fbe00000,0x00000000ffb80000)
 ParOldGen       total 218112K, used 188962K [0x0000000080000000, 0x000000008d500000, 0x00000000d5580000)
  object space 218112K, 86% used [0x0000000080000000,0x000000008b8888b8,0x000000008d500000)
 Metaspace       used 114684K, capacity 121188K, committed 121256K, reserved 1155072K
  class space    used 14793K, capacity 16026K, committed 16048K, reserved 1048576K
}
Event: 907.463 GC heap before
{Heap before GC invocations=28 (full 5):
 PSYoungGen      total 626688K, used 5645K [0x00000000d5580000, 0x00000000ffb80000, 0x0000000100000000)
  eden space 562176K, 0% used [0x00000000d5580000,0x00000000d5580000,0x00000000f7a80000)
  from space 64512K, 8% used [0x00000000f7a80000,0x00000000f80034e8,0x00000000fb980000)
  to   space 62976K, 0% used [0x00000000fbe00000,0x00000000fbe00000,0x00000000ffb80000)
 ParOldGen       total 218112K, used 188962K [0x0000000080000000, 0x000000008d500000, 0x00000000d5580000)
  object space 218112K, 86% used [0x0000000080000000,0x000000008b8888b8,0x000000008d500000)
 Metaspace       used 114684K, capacity 121188K, committed 121256K, reserved 1155072K
  class space    used 14793K, capacity 16026K, committed 16048K, reserved 1048576K
Event: 910.192 GC heap after
Heap after GC invocations=28 (full 5):
 PSYoungGen      total 626688K, used 0K [0x00000000d5580000, 0x00000000ffb80000, 0x0000000100000000)
  eden space 562176K, 0% used [0x00000000d5580000,0x00000000d5580000,0x00000000f7a80000)
  from space 64512K, 0% used [0x00000000f7a80000,0x00000000f7a80000,0x00000000fb980000)
  to   space 62976K, 0% used [0x00000000fbe00000,0x00000000fbe00000,0x00000000ffb80000)
 ParOldGen       total 295424K, used 124465K [0x0000000080000000, 0x0000000092080000, 0x00000000d5580000)
  object space 295424K, 42% used [0x0000000080000000,0x000000008798c7b8,0x0000000092080000)
 Metaspace       used 114251K, capacity 119990K, committed 121256K, reserved 1155072K
  class space    used 14649K, capacity 15771K, committed 16048K, reserved 1048576K
}
Event: 914.804 GC heap before
{Heap before GC invocations=29 (full 5):
 PSYoungGen      total 626688K, used 562176K [0x00000000d5580000, 0x00000000ffb80000, 0x0000000100000000)
  eden space 562176K, 100% used [0x00000000d5580000,0x00000000f7a80000,0x00000000f7a80000)
  from space 64512K, 0% used [0x00000000f7a80000,0x00000000f7a80000,0x00000000fb980000)
  to   space 62976K, 0% used [0x00000000fbe00000,0x00000000fbe00000,0x00000000ffb80000)
 ParOldGen       total 295424K, used 124465K [0x0000000080000000, 0x0000000092080000, 0x00000000d5580000)
  object space 295424K, 42% used [0x0000000080000000,0x000000008798c7b8,0x0000000092080000)
 Metaspace       used 115056K, capacity 121014K, committed 122152K, reserved 1155072K
  class space    used 14751K, capacity 15919K, committed 16176K, reserved 1048576K
Event: 914.925 GC heap after
Heap after GC invocations=29 (full 5):
 PSYoungGen      total 631296K, used 12548K [0x00000000d5580000, 0x00000000ff880000, 0x0000000100000000)
  eden space 571392K, 0% used [0x00000000d5580000,0x00000000d5580000,0x00000000f8380000)
  from space 59904K, 20% used [0x00000000fbe00000,0x00000000fca412d0,0x00000000ff880000)
  to   space 59904K, 0% used [0x00000000f8380000,0x00000000f8380000,0x00000000fbe00000)
 ParOldGen       total 295424K, used 124473K [0x0000000080000000, 0x0000000092080000, 0x00000000d5580000)
  object space 295424K, 42% used [0x0000000080000000,0x000000008798e7b8,0x0000000092080000)
 Metaspace       used 115056K, capacity 121014K, committed 122152K, reserved 1155072K
  class space    used 14751K, capacity 15919K, committed 16176K, reserved 1048576K
}
Event: 917.202 GC heap before
{Heap before GC invocations=30 (full 5):
 PSYoungGen      total 631296K, used 583940K [0x00000000d5580000, 0x00000000ff880000, 0x0000000100000000)
  eden space 571392K, 100% used [0x00000000d5580000,0x00000000f8380000,0x00000000f8380000)
  from space 59904K, 20% used [0x00000000fbe00000,0x00000000fca412d0,0x00000000ff880000)
  to   space 59904K, 0% used [0x00000000f8380000,0x00000000f8380000,0x00000000fbe00000)
 ParOldGen       total 295424K, used 124473K [0x0000000080000000, 0x0000000092080000, 0x00000000d5580000)
  object space 295424K, 42% used [0x0000000080000000,0x000000008798e7b8,0x0000000092080000)
 Metaspace       used 115172K, capacity 121096K, committed 122152K, reserved 1155072K
  class space    used 14766K, capacity 15926K, committed 16176K, reserved 1048576K
Event: 917.264 GC heap after
Heap after GC invocations=30 (full 5):
 PSYoungGen      total 631296K, used 6940K [0x00000000d5580000, 0x00000000ffc00000, 0x0000000100000000)
  eden space 571392K, 0% used [0x00000000d5580000,0x00000000d5580000,0x00000000f8380000)
  from space 59904K, 11% used [0x00000000f8380000,0x00000000f8a473b0,0x00000000fbe00000)
  to   space 57856K, 0% used [0x00000000fc380000,0x00000000fc380000,0x00000000ffc00000)
 ParOldGen       total 295424K, used 129564K [0x0000000080000000, 0x0000000092080000, 0x00000000d5580000)
  object space 295424K, 43% used [0x0000000080000000,0x0000000087e870b0,0x0000000092080000)
 Metaspace       used 115172K, capacity 121096K, committed 122152K, reserved 1155072K
  class space    used 14766K, capacity 15926K, committed 16176K, reserved 1048576K
}
Event: 1114.208 GC heap before
{Heap before GC invocations=31 (full 5):
 PSYoungGen      total 631296K, used 578332K [0x00000000d5580000, 0x00000000ffc00000, 0x0000000100000000)
  eden space 571392K, 100% used [0x00000000d5580000,0x00000000f8380000,0x00000000f8380000)
  from space 59904K, 11% used [0x00000000f8380000,0x00000000f8a473b0,0x00000000fbe00000)
  to   space 57856K, 0% used [0x00000000fc380000,0x00000000fc380000,0x00000000ffc00000)
 ParOldGen       total 295424K, used 129564K [0x0000000080000000, 0x0000000092080000, 0x00000000d5580000)
  object space 295424K, 43% used [0x0000000080000000,0x0000000087e870b0,0x0000000092080000)
 Metaspace       used 119279K, capacity 125902K, committed 126248K, reserved 1159168K
  class space    used 15325K, capacity 16574K, committed 16688K, reserved 1048576K
Event: 1114.668 GC heap after
Heap after GC invocations=31 (full 5):
 PSYoungGen      total 634880K, used 20526K [0x00000000d5580000, 0x00000000ff800000, 0x0000000100000000)
  eden space 581120K, 0% used [0x00000000d5580000,0x00000000d5580000,0x00000000f8d00000)
  from space 53760K, 38% used [0x00000000fc380000,0x00000000fd78bb18,0x00000000ff800000)
  to   space 54784K, 0% used [0x00000000f8d00000,0x00000000f8d00000,0x00000000fc280000)
 ParOldGen       total 295424K, used 134489K [0x0000000080000000, 0x0000000092080000, 0x00000000d5580000)
  object space 295424K, 45% used [0x0000000080000000,0x00000000883564b0,0x0000000092080000)
 Metaspace       used 119279K, capacity 125902K, committed 126248K, reserved 1159168K
  class space    used 15325K, capacity 16574K, committed 16688K, reserved 1048576K
}

